<?xml version="1.0" encoding="UTF-8"?>
<testsuite xmlns:xsi="http://www.w3.org/2001/XMLSchema-instance" xsi:noNamespaceSchemaLocation="https://maven.apache.org/surefire/maven-surefire-plugin/xsd/surefire-test-report-3.0.xsd" version="3.0" name="com.indus.training.Annotations1ApplicationTests" time="0.059" tests="1" errors="0" skipped="0" failures="0">
  <properties>
[...]
</properties>
  <testcase name="contextLoads" classname="com.indus.training.Annotations1ApplicationTests" time="0.009">
    <system-out><![CDATA[2023-06-11T17:37:40.852-04:00  INFO 48468 --- [           main] t.c.s.AnnotationConfigContextLoaderUtils : Could not detect default configuration classes for test class [com.indus.training.Annotations1ApplicationTests]: Annotations1ApplicationTests does not declare any static, non-private, non-final, nested classes annotated with @Configuration.
2023-06-11T17:37:40.873-04:00  INFO 48468 --- [           main] .b.t.c.SpringBootTestContextBootstrapper : Found @SpringBootConfiguration com.indus.training.Annotations1Application for test class com.indus.training.Annotations1ApplicationTests
]]></system-out>
  </testcase>
</testsuite>